#
# There is insufficient memory for the Java Runtime Environment to continue.
# Native memory allocation (malloc) failed to allocate 491056 bytes for Chunk::new
# Possible reasons:
#   The system is out of physical RAM or swap space
#   In 32 bit mode, the process size limit was hit
# Possible solutions:
#   Reduce memory load on the system
#   Increase physical memory or swap space
#   Check if swap backing store is full
#   Use 64 bit Java on a 64 bit OS
#   Decrease Java heap size (-Xmx/-Xms)
#   Decrease number of Java threads
#   Decrease Java thread stack sizes (-Xss)
#   Set larger code cache with -XX:ReservedCodeCacheSize=
# This output file may be truncated or incomplete.
#
#  Out of Memory Error (allocation.cpp:390), pid=16956, tid=0x00000000000038a4
#
# JRE version: OpenJDK Runtime Environment (8.0_152-b01) (build 1.8.0_152-release-1343-b01)
# Java VM: OpenJDK 64-Bit Server VM (25.152-b01 mixed mode windows-amd64 compressed oops)
# Failed to write core dump. Minidumps are not enabled by default on client versions of Windows
#

---------------  T H R E A D  ---------------

Current thread (0x0000000019bee000):  JavaThread "C2 CompilerThread1" daemon [_thread_in_native, id=14500, stack(0x000000001a3c0000,0x000000001a4c0000)]

Stack: [0x000000001a3c0000,0x000000001a4c0000]
[error occurred during error reporting (printing stack bounds), id 0xc0000005]

Native frames: (J=compiled Java code, j=interpreted, Vv=VM code, C=native code)


Current CompileTask:
C2:  44259 9825   !   4       java.lang.Class::getEnumConstantsShared (73 bytes)


---------------  P R O C E S S  ---------------

Java Threads: ( => current thread )
  0x0000000020236000 JavaThread "Cache worker for Java compile cache (E:\android2\.gradle\6.5.1\javaCompile)" [_thread_blocked, id=1992, stack(0x000000002fd40000,0x000000002fe40000)]
  0x0000000020232800 JavaThread "Cache worker for Java compile cache (E:\Gradle\.gradle\caches\6.5.1\javaCompile)" [_thread_blocked, id=10848, stack(0x000000002f380000,0x000000002f480000)]
  0x0000000020235800 JavaThread "RMI TCP Connection(1)-127.0.0.1" daemon [_thread_in_native, id=13056, stack(0x000000002fa40000,0x000000002fb40000)]
  0x000000002022e800 JavaThread "RMI Reaper" [_thread_blocked, id=14000, stack(0x000000002f940000,0x000000002fa40000)]
  0x0000000020234000 JavaThread "RMI TCP Accept-0" daemon [_thread_in_native, id=16816, stack(0x000000002f840000,0x000000002f940000)]
  0x0000000020233000 JavaThread "GC Daemon" daemon [_thread_blocked, id=1796, stack(0x000000002f740000,0x000000002f840000)]
  0x0000000020231800 JavaThread "RMI Scheduler(0)" daemon [_thread_blocked, id=16320, stack(0x000000002f280000,0x000000002f380000)]
  0x000000002022e000 JavaThread "Cache worker for execution history cache (E:\android2\.gradle\6.5.1\executionHistory)" [_thread_blocked, id=12904, stack(0x000000002ed80000,0x000000002ee80000)]
  0x0000000020231000 JavaThread "Execution worker for ':' Thread 7" [_thread_blocked, id=13308, stack(0x000000002ec80000,0x000000002ed80000)]
  0x000000001bbbe000 JavaThread "Execution worker for ':' Thread 6" [_thread_in_vm, id=17044, stack(0x000000002db10000,0x000000002dc10000)]
  0x000000001bbc1000 JavaThread "Execution worker for ':' Thread 5" [_thread_blocked, id=16028, stack(0x000000002da10000,0x000000002db10000)]
  0x000000001bbc0800 JavaThread "Execution worker for ':' Thread 4" [_thread_blocked, id=15204, stack(0x000000002d720000,0x000000002d820000)]
  0x000000001bbc2000 JavaThread "Execution worker for ':' Thread 3" [_thread_blocked, id=13660, stack(0x000000002d520000,0x000000002d620000)]
  0x000000001bbbd800 JavaThread "Execution worker for ':' Thread 2" [_thread_blocked, id=6624, stack(0x000000002d420000,0x000000002d520000)]
  0x000000001bbbf800 JavaThread "Execution worker for ':'" [_thread_blocked, id=4256, stack(0x000000002d320000,0x000000002d420000)]
  0x000000001bbbf000 JavaThread "Cache worker for file content cache (E:\android2\.gradle\6.5.1\fileContent)" [_thread_blocked, id=15324, stack(0x000000002d020000,0x000000002d120000)]
  0x000000001bbb6000 JavaThread "Memory manager" [_thread_blocked, id=11440, stack(0x000000002d910000,0x000000002da10000)]
  0x000000001bbbc800 JavaThread "Cache worker for Build Output Cleanup Cache (E:\android2\.gradle\buildOutputCleanup)" [_thread_blocked, id=17084, stack(0x000000002ad50000,0x000000002ae50000)]
  0x000000001bbba800 JavaThread "pool-1-thread-1" [_thread_blocked, id=7316, stack(0x000000002aa50000,0x000000002ab50000)]
  0x000000001bbbc000 JavaThread "jar transforms Thread 93" [_thread_blocked, id=14564, stack(0x000000002a750000,0x000000002a850000)]
  0x000000001bbb5000 JavaThread "jar transforms Thread 92" [_thread_blocked, id=6080, stack(0x000000002a650000,0x000000002a750000)]
  0x000000001bbb4800 JavaThread "jar transforms Thread 91" [_thread_blocked, id=3968, stack(0x000000002a550000,0x000000002a650000)]
  0x000000001bbb3000 JavaThread "jar transforms Thread 90" [_thread_blocked, id=17136, stack(0x000000002a450000,0x000000002a550000)]
  0x000000001bbb9800 JavaThread "jar transforms Thread 89" [_thread_blocked, id=1284, stack(0x000000002a350000,0x000000002a450000)]
  0x000000001bbb8000 JavaThread "jar transforms Thread 88" [_thread_blocked, id=13324, stack(0x000000002a250000,0x000000002a350000)]
  0x000000001bbb6800 JavaThread "jar transforms Thread 87" [_thread_blocked, id=12620, stack(0x000000002a150000,0x000000002a250000)]
  0x000000001bbb7800 JavaThread "jar transforms Thread 86" [_thread_blocked, id=4788, stack(0x000000002a050000,0x000000002a150000)]
  0x000000001bbb9000 JavaThread "jar transforms Thread 85" [_thread_blocked, id=3572, stack(0x0000000029f50000,0x000000002a050000)]
  0x000000001bbb3800 JavaThread "jar transforms Thread 84" [_thread_blocked, id=6168, stack(0x0000000029e50000,0x0000000029f50000)]
  0x000000001b83a800 JavaThread "jar transforms Thread 83" [_thread_blocked, id=8892, stack(0x0000000029d50000,0x0000000029e50000)]
  0x000000001b839000 JavaThread "jar transforms Thread 82" [_thread_blocked, id=1148, stack(0x0000000029c50000,0x0000000029d50000)]
  0x000000001b83d800 JavaThread "jar transforms Thread 81" [_thread_blocked, id=5392, stack(0x0000000029b50000,0x0000000029c50000)]
  0x000000001b83b800 JavaThread "jar transforms Thread 80" [_thread_blocked, id=10556, stack(0x0000000029a50000,0x0000000029b50000)]
  0x000000001b83d000 JavaThread "jar transforms Thread 79" [_thread_blocked, id=12740, stack(0x0000000029950000,0x0000000029a50000)]
  0x000000001b83e800 JavaThread "jar transforms Thread 78" [_thread_blocked, id=7732, stack(0x0000000029850000,0x0000000029950000)]
  0x000000001b83a000 JavaThread "jar transforms Thread 77" [_thread_blocked, id=12504, stack(0x0000000029750000,0x0000000029850000)]
  0x000000001b83c000 JavaThread "jar transforms Thread 76" [_thread_blocked, id=14460, stack(0x0000000029650000,0x0000000029750000)]
  0x000000001b831800 JavaThread "jar transforms Thread 75" [_thread_blocked, id=14796, stack(0x0000000029550000,0x0000000029650000)]
  0x000000001b834000 JavaThread "jar transforms Thread 74" [_thread_blocked, id=13152, stack(0x0000000029450000,0x0000000029550000)]
  0x000000001b838800 JavaThread "jar transforms Thread 73" [_thread_blocked, id=15516, stack(0x0000000029350000,0x0000000029450000)]
  0x000000001b837800 JavaThread "jar transforms Thread 72" [_thread_blocked, id=10596, stack(0x0000000029250000,0x0000000029350000)]
  0x000000001b837000 JavaThread "jar transforms Thread 71" [_thread_blocked, id=5872, stack(0x0000000029150000,0x0000000029250000)]
  0x000000001b82f800 JavaThread "jar transforms Thread 70" [_thread_blocked, id=11288, stack(0x0000000029050000,0x0000000029150000)]
  0x000000001b836000 JavaThread "jar transforms Thread 69" [_thread_blocked, id=13920, stack(0x0000000028f50000,0x0000000029050000)]
  0x000000001b832800 JavaThread "jar transforms Thread 68" [_thread_blocked, id=7764, stack(0x0000000028e50000,0x0000000028f50000)]
  0x000000001b834800 JavaThread "jar transforms Thread 67" [_thread_blocked, id=12000, stack(0x0000000028d50000,0x0000000028e50000)]
  0x000000001b831000 JavaThread "jar transforms Thread 66" [_thread_blocked, id=15960, stack(0x0000000028c50000,0x0000000028d50000)]
  0x000000001b835800 JavaThread "jar transforms Thread 65" [_thread_blocked, id=5292, stack(0x0000000028b50000,0x0000000028c50000)]
  0x000000001b830000 JavaThread "jar transforms Thread 64" [_thread_blocked, id=16008, stack(0x0000000028a50000,0x0000000028b50000)]
  0x000000001b833000 JavaThread "jar transforms Thread 63" [_thread_blocked, id=2344, stack(0x0000000028950000,0x0000000028a50000)]
  0x0000000021d9b000 JavaThread "jar transforms Thread 62" [_thread_blocked, id=5164, stack(0x0000000028850000,0x0000000028950000)]
  0x0000000021d99800 JavaThread "jar transforms Thread 61" [_thread_blocked, id=3456, stack(0x0000000028750000,0x0000000028850000)]
  0x0000000021d98000 JavaThread "jar transforms Thread 60" [_thread_blocked, id=13708, stack(0x0000000028650000,0x0000000028750000)]
  0x0000000021d9e800 JavaThread "jar transforms Thread 59" [_thread_blocked, id=1376, stack(0x0000000028550000,0x0000000028650000)]
  0x0000000021d9e000 JavaThread "jar transforms Thread 58" [_thread_blocked, id=932, stack(0x0000000028450000,0x0000000028550000)]
  0x0000000021d9a000 JavaThread "jar transforms Thread 57" [_thread_blocked, id=6700, stack(0x0000000028350000,0x0000000028450000)]
  0x0000000021d98800 JavaThread "jar transforms Thread 56" [_thread_blocked, id=16560, stack(0x0000000028250000,0x0000000028350000)]
  0x0000000021d9b800 JavaThread "jar transforms Thread 55" [_thread_blocked, id=15136, stack(0x0000000028150000,0x0000000028250000)]
  0x0000000021d9d000 JavaThread "jar transforms Thread 54" [_thread_blocked, id=15972, stack(0x0000000027e50000,0x0000000027f50000)]
  0x0000000021d9c800 JavaThread "jar transforms Thread 53" [_thread_blocked, id=11920, stack(0x0000000027d50000,0x0000000027e50000)]
  0x0000000021d90800 JavaThread "jar transforms Thread 52" [_thread_blocked, id=14476, stack(0x0000000027c50000,0x0000000027d50000)]
  0x0000000021d97000 JavaThread "jar transforms Thread 51" [_thread_blocked, id=8764, stack(0x0000000027b50000,0x0000000027c50000)]
  0x0000000021d95000 JavaThread "jar transforms Thread 50" [_thread_blocked, id=14052, stack(0x0000000027a50000,0x0000000027b50000)]
  0x0000000021d93800 JavaThread "jar transforms Thread 49" [_thread_blocked, id=13272, stack(0x0000000027950000,0x0000000027a50000)]
  0x0000000021d8f800 JavaThread "jar transforms Thread 48" [_thread_blocked, id=10756, stack(0x0000000027850000,0x0000000027950000)]
  0x0000000021d91000 JavaThread "jar transforms Thread 47" [_thread_blocked, id=14084, stack(0x0000000027750000,0x0000000027850000)]
  0x0000000021d95800 JavaThread "jar transforms Thread 46" [_thread_blocked, id=13828, stack(0x0000000027650000,0x0000000027750000)]
  0x0000000021d94000 JavaThread "jar transforms Thread 45" [_thread_blocked, id=14908, stack(0x0000000027550000,0x0000000027650000)]
  0x0000000021d92800 JavaThread "jar transforms Thread 44" [_thread_blocked, id=8472, stack(0x0000000027450000,0x0000000027550000)]
  0x0000000021d96800 JavaThread "jar transforms Thread 43" [_thread_blocked, id=2056, stack(0x0000000027350000,0x0000000027450000)]
  0x0000000021d92000 JavaThread "jar transforms Thread 42" [_thread_blocked, id=8840, stack(0x0000000027250000,0x0000000027350000)]
  0x000000001cf7a800 JavaThread "jar transforms Thread 41" [_thread_blocked, id=13168, stack(0x0000000027150000,0x0000000027250000)]
  0x000000001cf78000 JavaThread "jar transforms Thread 40" [_thread_blocked, id=3600, stack(0x0000000027050000,0x0000000027150000)]
  0x000000001cf79800 JavaThread "jar transforms Thread 39" [_thread_blocked, id=12016, stack(0x0000000026f50000,0x0000000027050000)]
  0x000000001cf79000 JavaThread "jar transforms Thread 38" [_thread_blocked, id=1436, stack(0x0000000026e50000,0x0000000026f50000)]
  0x000000001cf70800 JavaThread "jar transforms Thread 37" [_thread_blocked, id=9952, stack(0x0000000026d50000,0x0000000026e50000)]
  0x000000001cf77800 JavaThread "jar transforms Thread 36" [_thread_blocked, id=4236, stack(0x0000000026c50000,0x0000000026d50000)]
  0x000000001cf75800 JavaThread "jar transforms Thread 35" [_thread_blocked, id=6872, stack(0x0000000026b50000,0x0000000026c50000)]
  0x000000001cf76800 JavaThread "jar transforms Thread 34" [_thread_blocked, id=16124, stack(0x0000000026a50000,0x0000000026b50000)]
  0x000000001cf75000 JavaThread "jar transforms Thread 33" [_thread_blocked, id=12316, stack(0x0000000026950000,0x0000000026a50000)]
  0x000000001cf74000 JavaThread "jar transforms Thread 32" [_thread_blocked, id=10428, stack(0x0000000026850000,0x0000000026950000)]
  0x000000001cf73800 JavaThread "jar transforms Thread 31" [_thread_blocked, id=6316, stack(0x0000000026750000,0x0000000026850000)]
  0x000000001cf6f800 JavaThread "jar transforms Thread 30" [_thread_blocked, id=15172, stack(0x0000000026650000,0x0000000026750000)]
  0x000000001cf72800 JavaThread "jar transforms Thread 29" [_thread_blocked, id=4512, stack(0x0000000026550000,0x0000000026650000)]
  0x000000001cf6b000 JavaThread "jar transforms Thread 28" [_thread_blocked, id=11468, stack(0x0000000026450000,0x0000000026550000)]
  0x000000001cf71000 JavaThread "jar transforms Thread 27" [_thread_blocked, id=13120, stack(0x0000000026350000,0x0000000026450000)]
  0x000000001cf6f000 JavaThread "jar transforms Thread 26" [_thread_blocked, id=9044, stack(0x0000000026250000,0x0000000026350000)]
  0x000000001cf72000 JavaThread "jar transforms Thread 25" [_thread_blocked, id=16536, stack(0x0000000026150000,0x0000000026250000)]
  0x000000001cf6d800 JavaThread "jar transforms Thread 24" [_thread_blocked, id=16812, stack(0x0000000026050000,0x0000000026150000)]
  0x000000001cf6e000 JavaThread "jar transforms Thread 23" [_thread_blocked, id=16520, stack(0x0000000025f50000,0x0000000026050000)]
  0x000000001cf6c800 JavaThread "jar transforms Thread 22" [_thread_blocked, id=12396, stack(0x0000000025e50000,0x0000000025f50000)]
  0x000000001cf6c000 JavaThread "jar transforms Thread 21" [_thread_blocked, id=14024, stack(0x0000000025d50000,0x0000000025e50000)]
  0x000000001bc8c800 JavaThread "jar transforms Thread 20" [_thread_blocked, id=16512, stack(0x0000000025c50000,0x0000000025d50000)]
  0x000000001bc91800 JavaThread "jar transforms Thread 19" [_thread_blocked, id=13568, stack(0x0000000025b50000,0x0000000025c50000)]
  0x000000001bc90000 JavaThread "jar transforms Thread 18" [_thread_blocked, id=2676, stack(0x0000000025a50000,0x0000000025b50000)]
  0x000000001bc92800 JavaThread "jar transforms Thread 17" [_thread_blocked, id=9292, stack(0x0000000025950000,0x0000000025a50000)]
  0x000000001bc8e000 JavaThread "jar transforms Thread 16" [_thread_blocked, id=6436, stack(0x0000000025850000,0x0000000025950000)]
  0x000000001bc8f800 JavaThread "jar transforms Thread 15" [_thread_blocked, id=12540, stack(0x0000000025750000,0x0000000025850000)]
  0x000000001bc93000 JavaThread "jar transforms Thread 14" [_thread_blocked, id=2328, stack(0x0000000025650000,0x0000000025750000)]
  0x000000001bc91000 JavaThread "jar transforms Thread 13" [_thread_blocked, id=9032, stack(0x0000000025550000,0x0000000025650000)]
  0x000000001bc8e800 JavaThread "jar transforms Thread 12" [_thread_blocked, id=17064, stack(0x0000000025450000,0x0000000025550000)]
  0x000000001bc8d000 JavaThread "jar transforms Thread 11" [_thread_blocked, id=16856, stack(0x0000000025350000,0x0000000025450000)]
  0x000000001fcae800 JavaThread "jar transforms Thread 10" [_thread_blocked, id=12756, stack(0x0000000025250000,0x0000000025350000)]
  0x000000001fcad000 JavaThread "jar transforms Thread 9" [_thread_blocked, id=3976, stack(0x0000000025150000,0x0000000025250000)]
  0x000000001fcac800 JavaThread "jar transforms Thread 8" [_thread_blocked, id=9768, stack(0x0000000025050000,0x0000000025150000)]
  0x000000001fcab800 JavaThread "jar transforms Thread 7" [_thread_blocked, id=14480, stack(0x0000000024f50000,0x0000000025050000)]
  0x000000001fcb2800 JavaThread "jar transforms Thread 6" [_thread_blocked, id=14420, stack(0x0000000024e50000,0x0000000024f50000)]
  0x000000001fcb1000 JavaThread "Build operations Thread 8" [_thread_blocked, id=14040, stack(0x0000000024d50000,0x0000000024e50000)]
  0x000000001fcae000 JavaThread "Build operations Thread 7" [_thread_blocked, id=10448, stack(0x0000000024c50000,0x0000000024d50000)]
  0x000000001fcaf800 JavaThread "Build operations Thread 6" [_thread_blocked, id=2304, stack(0x0000000024b50000,0x0000000024c50000)]
  0x000000001fcb0000 JavaThread "Build operations Thread 5" [_thread_blocked, id=4932, stack(0x0000000024a50000,0x0000000024b50000)]
  0x000000001fcb1800 JavaThread "Build operations Thread 4" [_thread_blocked, id=9012, stack(0x0000000024850000,0x0000000024950000)]
  0x000000001fca4000 JavaThread "Build operations Thread 3" [_thread_in_native, id=4072, stack(0x0000000024750000,0x0000000024850000)]
  0x000000001fcab000 JavaThread "Build operations Thread 2" [_thread_blocked, id=9824, stack(0x00000000243d0000,0x00000000244d0000)]
  0x000000001fca7000 JavaThread "Build operations" [_thread_blocked, id=12556, stack(0x0000000022ac0000,0x0000000022bc0000)]
  0x000000001fcaa000 JavaThread "Cache worker for file content cache (E:\Gradle\.gradle\caches\6.5.1\fileContent)" [_thread_blocked, id=14164, stack(0x00000000229c0000,0x0000000022ac0000)]
  0x000000001fca8800 JavaThread "Cache worker for execution history cache (E:\Gradle\.gradle\caches\6.5.1\executionHistory)" [_thread_blocked, id=7524, stack(0x00000000228c0000,0x00000000229c0000)]
  0x000000001fca5000 JavaThread "Cache worker for cache directory md-rule (E:\Gradle\.gradle\caches\6.5.1\md-rule)" [_thread_blocked, id=10012, stack(0x00000000225c0000,0x00000000226c0000)]
  0x000000001c54f800 JavaThread "Cache worker for cache directory md-supplier (E:\Gradle\.gradle\caches\6.5.1\md-supplier)" [_thread_blocked, id=17168, stack(0x00000000224c0000,0x00000000225c0000)]
  0x000000001c556800 JavaThread "Cache worker for checksums cache (E:\android2\.gradle\checksums)" [_thread_blocked, id=11960, stack(0x0000000020d70000,0x0000000020e70000)]
  0x000000001c555800 JavaThread "jar transforms Thread 5" [_thread_blocked, id=1360, stack(0x00000000223c0000,0x00000000224c0000)]
  0x000000001c554000 JavaThread "jar transforms Thread 4" [_thread_blocked, id=8508, stack(0x00000000222c0000,0x00000000223c0000)]
  0x000000001c552800 JavaThread "jar transforms Thread 3" [_thread_blocked, id=2740, stack(0x00000000221c0000,0x00000000222c0000)]
  0x000000001c551000 JavaThread "jar transforms Thread 2" [_thread_blocked, id=10860, stack(0x00000000208b0000,0x00000000209b0000)]
  0x000000001c552000 JavaThread "jar transforms" [_thread_blocked, id=5380, stack(0x00000000207b0000,0x00000000208b0000)]
  0x000000001c550800 JavaThread "Cache worker for file hash cache (E:\android2\.gradle\6.5.1\fileHashes)" [_thread_blocked, id=8300, stack(0x0000000020a60000,0x0000000020b60000)]
  0x000000001c553800 JavaThread "Cache worker for file hash cache (E:\Gradle\.gradle\caches\6.5.1\fileHashes)" [_thread_blocked, id=3352, stack(0x000000001e510000,0x000000001e610000)]
  0x000000001c555000 JavaThread "File lock request listener" [_thread_in_native, id=8800, stack(0x000000001e410000,0x000000001e510000)]
  0x000000001c3aa800 JavaThread "Cache worker for journal cache (E:\Gradle\.gradle\caches\journal-1)" [_thread_blocked, id=2228, stack(0x000000001e310000,0x000000001e410000)]
  0x000000001c37c800 JavaThread "Thread-9" [_thread_blocked, id=4216, stack(0x000000001e010000,0x000000001e110000)]
  0x000000001c377000 JavaThread "Stdin handler" [_thread_blocked, id=16224, stack(0x000000001df10000,0x000000001e010000)]
  0x000000001c33f000 JavaThread "Asynchronous log dispatcher for DefaultDaemonConnection: socket connection from /127.0.0.1:29497 to /127.0.0.1:29498" [_thread_blocked, id=17268, stack(0x000000001de10000,0x000000001df10000)]
  0x000000001c348800 JavaThread "Daemon worker" [_thread_blocked, id=4644, stack(0x000000001dd10000,0x000000001de10000)]
  0x000000001c347800 JavaThread "Cancel handler" [_thread_blocked, id=4700, stack(0x000000001dc10000,0x000000001dd10000)]
  0x000000001c2d6800 JavaThread "Handler for socket connection from /127.0.0.1:29497 to /127.0.0.1:29498" [_thread_in_native, id=8204, stack(0x000000001db10000,0x000000001dc10000)]
  0x000000001c2d2000 JavaThread "Daemon" [_thread_blocked, id=8492, stack(0x000000001da10000,0x000000001db10000)]
  0x000000001c2c7800 JavaThread "Daemon periodic checks" [_thread_blocked, id=15864, stack(0x000000001d710000,0x000000001d810000)]
  0x000000001c2b9000 JavaThread "Incoming local TCP Connector on port 29497" [_thread_in_native, id=11716, stack(0x000000001d560000,0x000000001d660000)]
  0x000000001a9e7000 JavaThread "Daemon health stats" [_thread_blocked, id=16216, stack(0x000000001d260000,0x000000001d360000)]
  0x0000000019c8b000 JavaThread "Service Thread" daemon [_thread_blocked, id=380, stack(0x000000001a6c0000,0x000000001a7c0000)]
  0x0000000019bf4800 JavaThread "C1 CompilerThread3" daemon [_thread_blocked, id=10624, stack(0x000000001a5c0000,0x000000001a6c0000)]
  0x0000000019bf0800 JavaThread "C2 CompilerThread2" daemon [_thread_blocked, id=12372, stack(0x000000001a4c0000,0x000000001a5c0000)]
=>0x0000000019bee000 JavaThread "C2 CompilerThread1" daemon [_thread_in_native, id=14500, stack(0x000000001a3c0000,0x000000001a4c0000)]
  0x0000000019bec000 JavaThread "C2 CompilerThread0" daemon [_thread_in_native, id=11808, stack(0x000000001a2c0000,0x000000001a3c0000)]
  0x0000000019beb000 JavaThread "Attach Listener" daemon [_thread_blocked, id=2488, stack(0x000000001a1c0000,0x000000001a2c0000)]
  0x0000000019b98800 JavaThread "Signal Dispatcher" daemon [_thread_blocked, id=6276, stack(0x000000001a0c0000,0x000000001a1c0000)]
  0x0000000019b80800 JavaThread "Finalizer" daemon [_thread_blocked, id=13728, stack(0x0000000019f60000,0x000000001a060000)]
  0x0000000002c07800 JavaThread "Reference Handler" daemon [_thread_blocked, id=10308, stack(0x0000000019a60000,0x0000000019b60000)]
  0x0000000002b12800 JavaThread "main" [_thread_blocked, id=9756, stack(0x00000000029f0000,0x0000000002af0000)]

Other Threads:
  0x0000000017c78800 VMThread [stack: 0x0000000019960000,0x0000000019a60000] [id=832]
  0x0000000019c9c000 WatcherThread [stack: 0x000000001a7c0000,0x000000001a8c0000] [id=12584]

VM state:not at safepoint (normal execution)

VM Mutex/Monitor currently owned by a thread: None

Heap:
 PSYoungGen      total 253440K, used 130373K [0x00000000d5580000, 0x00000000e8e80000, 0x0000000100000000)
  eden space 230400K, 48% used [0x00000000d5580000,0x00000000dc22e968,0x00000000e3680000)
  from space 23040K, 82% used [0x00000000e3680000,0x00000000e4922bb0,0x00000000e4d00000)
  to   space 24576K, 0% used [0x00000000e7680000,0x00000000e7680000,0x00000000e8e80000)
 ParOldGen       total 133632K, used 26947K [0x0000000080000000, 0x0000000088280000, 0x00000000d5580000)
  object space 133632K, 20% used [0x0000000080000000,0x0000000081a50d40,0x0000000088280000)
 Metaspace       used 77981K, capacity 81770K, committed 81880K, reserved 1120256K
  class space    used 10529K, capacity 11243K, committed 11264K, reserved 1048576K

Card table byte_map: [0x0000000011fd0000,0x00000000123e0000] byte_map_base: 0x0000000011bd0000

Marking Bits: (ParMarkBitMap*) 0x0000000076185aa0
 Begin Bits: [0x0000000012e90000, 0x0000000014e90000)
 End Bits:   [0x0000000014e90000, 0x0000000016e90000)

Polling page: 0x00000000025f0000

CodeCache: size=245760Kb used=29027Kb max_used=29027Kb free=216732Kb
 bounds [0x0000000002c10000, 0x0000000004890000, 0x0000000011c10000]
 total_blobs=9618 nmethods=8758 adapters=772
 compilation: enabled

Compilation events (10 events):
Event: 44.231 Thread 0x0000000019bf4800 10111       3       com.sun.tools.javac.jvm.Code::emitop2 (683 bytes)
Event: 44.234 Thread 0x0000000019bf4800 nmethod 10111 0x000000000486bb50 code [0x000000000486c0a0, 0x000000000486eb48]
Event: 44.234 Thread 0x0000000019bf4800 10108       3       com.sun.tools.javac.file.RegularFileObject::getKind (8 bytes)
Event: 44.234 Thread 0x0000000019bf4800 nmethod 10108 0x0000000004854a10 code [0x0000000004854b80, 0x0000000004854d68]
Event: 44.236 Thread 0x0000000019bf0800 nmethod 10102 0x0000000004874010 code [0x0000000004874220, 0x0000000004874ea8]
Event: 44.236 Thread 0x0000000019bf0800 10110       4       com.sun.tools.javac.code.Symbol::getRawTypeAttributes (21 bytes)
Event: 44.237 Thread 0x0000000019bf0800 nmethod 10110 0x00000000046f4010 code [0x00000000046f4140, 0x00000000046f41b8]
Event: 44.237 Thread 0x0000000019bf0800 10092       4       com.sun.tools.javac.code.Lint$AugmentVisitor::initSyms (19 bytes)
Event: 44.238 Thread 0x0000000019bf0800 nmethod 10092 0x000000000483f5d0 code [0x000000000483f700, 0x000000000483f778]
Event: 44.238 Thread 0x0000000019bf0800 10090       4       com.sun.tools.javac.comp.Attr::visitLiteral (31 bytes)

GC Heap History (10 events):
Event: 18.207 GC heap before
{Heap before GC invocations=12 (full 2):
 PSYoungGen      total 175616K, used 25905K [0x00000000d5580000, 0x00000000e3480000, 0x0000000100000000)
  eden space 161792K, 7% used [0x00000000d5580000,0x00000000d614f960,0x00000000df380000)
  from space 13824K, 99% used [0x00000000df380000,0x00000000e00fcc68,0x00000000e0100000)
  to   space 18432K, 0% used [0x00000000e2280000,0x00000000e2280000,0x00000000e3480000)
 ParOldGen       total 97792K, used 25106K [0x0000000080000000, 0x0000000085f80000, 0x00000000d5580000)
  object space 97792K, 25% used [0x0000000080000000,0x0000000081884b68,0x0000000085f80000)
 Metaspace       used 56641K, capacity 58910K, committed 58968K, reserved 1099776K
  class space    used 7568K, capacity 8026K, committed 8064K, reserved 1048576K
Event: 18.239 GC heap after
Heap after GC invocations=12 (full 2):
 PSYoungGen      total 208896K, used 14035K [0x00000000d5580000, 0x00000000e4380000, 0x0000000100000000)
  eden space 190464K, 0% used [0x00000000d5580000,0x00000000d5580000,0x00000000e0f80000)
  from space 18432K, 76% used [0x00000000e2280000,0x00000000e3034fd8,0x00000000e3480000)
  to   space 19456K, 0% used [0x00000000e0f80000,0x00000000e0f80000,0x00000000e2280000)
 ParOldGen       total 97792K, used 25114K [0x0000000080000000, 0x0000000085f80000, 0x00000000d5580000)
  object space 97792K, 25% used [0x0000000080000000,0x0000000081886b68,0x0000000085f80000)
 Metaspace       used 56641K, capacity 58910K, committed 58968K, reserved 1099776K
  class space    used 7568K, capacity 8026K, committed 8064K, reserved 1048576K
}
Event: 18.239 GC heap before
{Heap before GC invocations=13 (full 3):
 PSYoungGen      total 208896K, used 14035K [0x00000000d5580000, 0x00000000e4380000, 0x0000000100000000)
  eden space 190464K, 0% used [0x00000000d5580000,0x00000000d5580000,0x00000000e0f80000)
  from space 18432K, 76% used [0x00000000e2280000,0x00000000e3034fd8,0x00000000e3480000)
  to   space 19456K, 0% used [0x00000000e0f80000,0x00000000e0f80000,0x00000000e2280000)
 ParOldGen       total 97792K, used 25114K [0x0000000080000000, 0x0000000085f80000, 0x00000000d5580000)
  object space 97792K, 25% used [0x0000000080000000,0x0000000081886b68,0x0000000085f80000)
 Metaspace       used 56641K, capacity 58910K, committed 58968K, reserved 1099776K
  class space    used 7568K, capacity 8026K, committed 8064K, reserved 1048576K
Event: 18.530 GC heap after
Heap after GC invocations=13 (full 3):
 PSYoungGen      total 208896K, used 0K [0x00000000d5580000, 0x00000000e4380000, 0x0000000100000000)
  eden space 190464K, 0% used [0x00000000d5580000,0x00000000d5580000,0x00000000e0f80000)
  from space 18432K, 0% used [0x00000000e2280000,0x00000000e2280000,0x00000000e3480000)
  to   space 19456K, 0% used [0x00000000e0f80000,0x00000000e0f80000,0x00000000e2280000)
 ParOldGen       total 133632K, used 26923K [0x0000000080000000, 0x0000000088280000, 0x00000000d5580000)
  object space 133632K, 20% used [0x0000000080000000,0x0000000081a4ad40,0x0000000088280000)
 Metaspace       used 56614K, capacity 58820K, committed 58968K, reserved 1099776K
  class space    used 7560K, capacity 8011K, committed 8064K, reserved 1048576K
}
Event: 24.809 GC heap before
{Heap before GC invocations=14 (full 3):
 PSYoungGen      total 208896K, used 190464K [0x00000000d5580000, 0x00000000e4380000, 0x0000000100000000)
  eden space 190464K, 100% used [0x00000000d5580000,0x00000000e0f80000,0x00000000e0f80000)
  from space 18432K, 0% used [0x00000000e2280000,0x00000000e2280000,0x00000000e3480000)
  to   space 19456K, 0% used [0x00000000e0f80000,0x00000000e0f80000,0x00000000e2280000)
 ParOldGen       total 133632K, used 26923K [0x0000000080000000, 0x0000000088280000, 0x00000000d5580000)
  object space 133632K, 20% used [0x0000000080000000,0x0000000081a4ad40,0x0000000088280000)
 Metaspace       used 65960K, capacity 69262K, committed 69464K, reserved 1110016K
  class space    used 8960K, capacity 9538K, committed 9600K, reserved 1048576K
Event: 24.829 GC heap after
Heap after GC invocations=14 (full 3):
 PSYoungGen      total 209920K, used 18288K [0x00000000d5580000, 0x00000000e6480000, 0x0000000100000000)
  eden space 190464K, 0% used [0x00000000d5580000,0x00000000d5580000,0x00000000e0f80000)
  from space 19456K, 93% used [0x00000000e0f80000,0x00000000e215c248,0x00000000e2280000)
  to   space 21504K, 0% used [0x00000000e4f80000,0x00000000e4f80000,0x00000000e6480000)
 ParOldGen       total 133632K, used 26931K [0x0000000080000000, 0x0000000088280000, 0x00000000d5580000)
  object space 133632K, 20% used [0x0000000080000000,0x0000000081a4cd40,0x0000000088280000)
 Metaspace       used 65960K, capacity 69262K, committed 69464K, reserved 1110016K
  class space    used 8960K, capacity 9538K, committed 9600K, reserved 1048576K
}
Event: 27.855 GC heap before
{Heap before GC invocations=15 (full 3):
 PSYoungGen      total 209920K, used 208752K [0x00000000d5580000, 0x00000000e6480000, 0x0000000100000000)
  eden space 190464K, 100% used [0x00000000d5580000,0x00000000e0f80000,0x00000000e0f80000)
  from space 19456K, 93% used [0x00000000e0f80000,0x00000000e215c248,0x00000000e2280000)
  to   space 21504K, 0% used [0x00000000e4f80000,0x00000000e4f80000,0x00000000e6480000)
 ParOldGen       total 133632K, used 26931K [0x0000000080000000, 0x0000000088280000, 0x00000000d5580000)
  object space 133632K, 20% used [0x0000000080000000,0x0000000081a4cd40,0x0000000088280000)
 Metaspace       used 69186K, capacity 72636K, committed 72792K, reserved 1112064K
  class space    used 9397K, capacity 10031K, committed 10112K, reserved 1048576K
Event: 27.874 GC heap after
Heap after GC invocations=15 (full 3):
 PSYoungGen      total 250880K, used 17674K [0x00000000d5580000, 0x00000000e6380000, 0x0000000100000000)
  eden space 230400K, 0% used [0x00000000d5580000,0x00000000d5580000,0x00000000e3680000)
  from space 20480K, 86% used [0x00000000e4f80000,0x00000000e60c29e0,0x00000000e6380000)
  to   space 23040K, 0% used [0x00000000e3680000,0x00000000e3680000,0x00000000e4d00000)
 ParOldGen       total 133632K, used 26939K [0x0000000080000000, 0x0000000088280000, 0x00000000d5580000)
  object space 133632K, 20% used [0x0000000080000000,0x0000000081a4ed40,0x0000000088280000)
 Metaspace       used 69186K, capacity 72636K, committed 72792K, reserved 1112064K
  class space    used 9397K, capacity 10031K, committed 10112K, reserved 1048576K
}
Event: 41.563 GC heap before
{Heap before GC invocations=16 (full 3):
 PSYoungGen      total 250880K, used 248074K [0x00000000d5580000, 0x00000000e6380000, 0x0000000100000000)
  eden space 230400K, 100% used [0x00000000d5580000,0x00000000e3680000,0x00000000e3680000)
  from space 20480K, 86% used [0x00000000e4f80000,0x00000000e60c29e0,0x00000000e6380000)
  to   space 23040K, 0% used [0x00000000e3680000,0x00000000e3680000,0x00000000e4d00000)
 ParOldGen       total 133632K, used 26939K [0x0000000080000000, 0x0000000088280000, 0x00000000d5580000)
  object space 133632K, 20% used [0x0000000080000000,0x0000000081a4ed40,0x0000000088280000)
 Metaspace       used 72685K, capacity 76416K, committed 76632K, reserved 1116160K
  class space    used 9902K, capacity 10601K, committed 10624K, reserved 1048576K
Event: 41.583 GC heap after
Heap after GC invocations=16 (full 3):
 PSYoungGen      total 253440K, used 19082K [0x00000000d5580000, 0x00000000e8e80000, 0x0000000100000000)
  eden space 230400K, 0% used [0x00000000d5580000,0x00000000d5580000,0x00000000e3680000)
  from space 23040K, 82% used [0x00000000e3680000,0x00000000e4922bb0,0x00000000e4d00000)
  to   space 24576K, 0% used [0x00000000e7680000,0x00000000e7680000,0x00000000e8e80000)
 ParOldGen       total 133632K, used 26947K [0x0000000080000000, 0x0000000088280000, 0x00000000d5580000)
  object space 133632K, 20% used [0x0000000080000000,0x0000000081a50d40,0x0000000088280000)
 Metaspace       used 72685K, capacity 76416K, committed 76632K, reserved 1116160K
  class space    used 9902K, capacity 10601K, committed 10624K, reserved 1048576K
}

Deoptimization events (10 events):
Event: 43.821 Thread 0x000000001bbbe000 Uncommon trap: reason=unstable_if action=reinterpret pc=0x0000000004658a0c method=com.sun.tools.javac.code.Scope.lookup(Lcom/sun/tools/javac/util/Name;Lcom/sun/tools/javac/util/Filter;)Lcom/sun/tools/javac/code/Scope$Entry; @ 12
Event: 43.823 Thread 0x000000001bbbe000 Uncommon trap: reason=unstable_if action=reinterpret pc=0x0000000004654e50 method=com.sun.tools.javac.code.Scope.lookup(Lcom/sun/tools/javac/util/Name;Lcom/sun/tools/javac/util/Filter;)Lcom/sun/tools/javac/code/Scope$Entry; @ 12
Event: 43.886 Thread 0x000000001bbbe000 Uncommon trap: reason=unstable_if action=reinterpret pc=0x0000000004667bc0 method=com.sun.tools.javac.code.Scope.enter(Lcom/sun/tools/javac/code/Symbol;Lcom/sun/tools/javac/code/Scope;Lcom/sun/tools/javac/code/Scope;Z)V @ 116
Event: 44.192 Thread 0x000000001bbbe000 Uncommon trap: reason=unstable_if action=reinterpret pc=0x0000000004204198 method=com.sun.tools.javac.util.IntHashTable.lookup(Ljava/lang/Object;I)I @ 67
Event: 44.195 Thread 0x000000001bbbe000 Uncommon trap: reason=unstable_if action=reinterpret pc=0x00000000046ded7c method=com.sun.tools.javac.code.Symbol.getDeclarationAttributes()Lcom/sun/tools/javac/util/List; @ 4
Event: 44.195 Thread 0x000000001bbbe000 Uncommon trap: reason=class_check action=maybe_recompile pc=0x00000000046e4904 method=com.sun.tools.javac.code.Lint$AugmentVisitor.augment(Lcom/sun/tools/javac/code/Lint;Lcom/sun/tools/javac/util/List;)Lcom/sun/tools/javac/code/Lint; @ 20
Event: 44.199 Thread 0x000000001bbbe000 Uncommon trap: reason=class_check action=maybe_recompile pc=0x00000000046e4904 method=com.sun.tools.javac.code.Lint$AugmentVisitor.augment(Lcom/sun/tools/javac/code/Lint;Lcom/sun/tools/javac/util/List;)Lcom/sun/tools/javac/code/Lint; @ 20
Event: 44.199 Thread 0x000000001bbbe000 Uncommon trap: reason=class_check action=maybe_recompile pc=0x00000000046e4904 method=com.sun.tools.javac.code.Lint$AugmentVisitor.augment(Lcom/sun/tools/javac/code/Lint;Lcom/sun/tools/javac/util/List;)Lcom/sun/tools/javac/code/Lint; @ 20
Event: 44.200 Thread 0x000000001bbbe000 Uncommon trap: reason=class_check action=maybe_recompile pc=0x00000000046e4904 method=com.sun.tools.javac.code.Lint$AugmentVisitor.augment(Lcom/sun/tools/javac/code/Lint;Lcom/sun/tools/javac/util/List;)Lcom/sun/tools/javac/code/Lint; @ 20
Event: 44.217 Thread 0x000000001bbbe000 Uncommon trap: reason=unstable_if action=reinterpret pc=0x000000000471655c method=com.sun.tools.javac.code.Symbol.getRawTypeAttributes()Lcom/sun/tools/javac/util/List; @ 4

Classes redefined (0 events):
No events

Internal exceptions (10 events):
Event: 31.793 Thread 0x000000001bbbe000 Exception <a 'java/lang/NoSuchMethodError': <clinit>> (0x00000000d79b43b0) thrown at [D:\src\AOSP-openjdk-cygwin\jdk8u\hotspot\src\share\vm\prims\jni.cpp, line 1613]
Event: 31.797 Thread 0x000000001bbbe000 Exception <a 'java/lang/NoSuchMethodError': <clinit>> (0x00000000d79d9428) thrown at [D:\src\AOSP-openjdk-cygwin\jdk8u\hotspot\src\share\vm\prims\jni.cpp, line 1613]
Event: 31.840 Thread 0x000000001bbbe000 Exception <a 'java/lang/NoSuchMethodError': <clinit>> (0x00000000d7b38420) thrown at [D:\src\AOSP-openjdk-cygwin\jdk8u\hotspot\src\share\vm\prims\jni.cpp, line 1613]
Event: 31.843 Thread 0x000000001bbbe000 Exception <a 'java/lang/NoSuchMethodError': <clinit>> (0x00000000d7bd5ec0) thrown at [D:\src\AOSP-openjdk-cygwin\jdk8u\hotspot\src\share\vm\prims\jni.cpp, line 1613]
Event: 40.107 Thread 0x000000001bbbe000 Exception <a 'sun/nio/fs/WindowsException'> (0x00000000d7f167a0) thrown at [D:\src\AOSP-openjdk-cygwin\jdk8u\hotspot\src\share\vm\prims\jni.cpp, line 709]
Event: 41.676 Thread 0x000000001bbbe000 Implicit null exception at 0x000000000454c459 to 0x0000000004552edd
Event: 42.076 Thread 0x000000001bbbe000 Exception <a 'sun/nio/fs/WindowsException'> (0x00000000d7d04788) thrown at [D:\src\AOSP-openjdk-cygwin\jdk8u\hotspot\src\share\vm\prims\jni.cpp, line 709]
Event: 42.076 Thread 0x000000001bbbe000 Exception <a 'sun/nio/fs/WindowsException'> (0x00000000d7d05438) thrown at [D:\src\AOSP-openjdk-cygwin\jdk8u\hotspot\src\share\vm\prims\jni.cpp, line 709]
Event: 42.082 Thread 0x000000001bbbe000 Exception <a 'sun/nio/fs/WindowsException'> (0x00000000d7d4b890) thrown at [D:\src\AOSP-openjdk-cygwin\jdk8u\hotspot\src\share\vm\prims\jni.cpp, line 709]
Event: 42.082 Thread 0x000000001bbbe000 Exception <a 'sun/nio/fs/WindowsException'> (0x00000000d7d4c540) thrown at [D:\src\AOSP-openjdk-cygwin\jdk8u\hotspot\src\share\vm\prims\jni.cpp, line 709]

Events (10 events):
Event: 44.199 Thread 0x000000001bbbe000 DEOPT UNPACKING pc=0x0000000002c5557b sp=0x000000002dc09eb0 mode 2
Event: 44.199 Thread 0x000000001bbbe000 Uncommon trap: trap_request=0xffffffde fr.pc=0x00000000046e4904
Event: 44.199 Thread 0x000000001bbbe000 DEOPT PACKING pc=0x00000000046e4904 sp=0x000000002dc09f20
Event: 44.199 Thread 0x000000001bbbe000 DEOPT UNPACKING pc=0x0000000002c5557b sp=0x000000002dc09eb0 mode 2
Event: 44.200 Thread 0x000000001bbbe000 Uncommon trap: trap_request=0xffffffde fr.pc=0x00000000046e4904
Event: 44.200 Thread 0x000000001bbbe000 DEOPT PACKING pc=0x00000000046e4904 sp=0x000000002dc0a050
Event: 44.200 Thread 0x000000001bbbe000 DEOPT UNPACKING pc=0x0000000002c5557b sp=0x000000002dc09fe0 mode 2
Event: 44.217 Thread 0x000000001bbbe000 Uncommon trap: trap_request=0xffffff65 fr.pc=0x000000000471655c
Event: 44.217 Thread 0x000000001bbbe000 DEOPT PACKING pc=0x000000000471655c sp=0x000000002dc09e40
Event: 44.217 Thread 0x000000001bbbe000 DEOPT UNPACKING pc=0x0000000002c5557b sp=0x000000002dc09de0 mode 2


Dynamic libraries:
0x00007ff6931b0000 - 0x00007ff6931e1000 	E:\android\jre\bin\java.exe
0x00007ffae6f20000 - 0x00007ffae7110000 	C:\WINDOWS\SYSTEM32\ntdll.dll
0x00007ffae58d0000 - 0x00007ffae5982000 	C:\WINDOWS\System32\KERNEL32.DLL
0x00007ffae3eb0000 - 0x00007ffae4154000 	C:\WINDOWS\System32\KERNELBASE.dll
0x00007ffae6570000 - 0x00007ffae6613000 	C:\WINDOWS\System32\ADVAPI32.dll
0x00007ffae5140000 - 0x00007ffae51de000 	C:\WINDOWS\System32\msvcrt.dll
0x00007ffae51e0000 - 0x00007ffae5277000 	C:\WINDOWS\System32\sechost.dll
0x00007ffae53d0000 - 0x00007ffae54f0000 	C:\WINDOWS\System32\RPCRT4.dll
0x00007ffae5730000 - 0x00007ffae58c4000 	C:\WINDOWS\System32\USER32.dll
0x00007ffae4240000 - 0x00007ffae4261000 	C:\WINDOWS\System32\win32u.dll
0x00007ffae6e00000 - 0x00007ffae6e26000 	C:\WINDOWS\System32\GDI32.dll
0x00007ffae44a0000 - 0x00007ffae4635000 	C:\WINDOWS\System32\gdi32full.dll
0x00007ffae4f30000 - 0x00007ffae4fce000 	C:\WINDOWS\System32\msvcp_win.dll
0x00007ffae43a0000 - 0x00007ffae449a000 	C:\WINDOWS\System32\ucrtbase.dll
0x00007ffad35b0000 - 0x00007ffad3834000 	C:\WINDOWS\WinSxS\amd64_microsoft.windows.common-controls_6595b64144ccf1df_6.0.18362.900_none_e6beb9d913147d17\COMCTL32.dll
0x00007ffae6010000 - 0x00007ffae6345000 	C:\WINDOWS\System32\combase.dll
0x00007ffae4270000 - 0x00007ffae42f0000 	C:\WINDOWS\System32\bcryptPrimitives.dll
0x00007ffae6d70000 - 0x00007ffae6d9e000 	C:\WINDOWS\System32\IMM32.DLL
0x0000000075800000 - 0x00000000758d2000 	E:\android\jre\jre\bin\msvcr100.dll
0x00000000759c0000 - 0x0000000076201000 	E:\android\jre\jre\bin\server\jvm.dll
0x00007ffae54f0000 - 0x00007ffae54f8000 	C:\WINDOWS\System32\PSAPI.DLL
0x00007ffad7260000 - 0x00007ffad726a000 	C:\WINDOWS\SYSTEM32\VERSION.dll
0x00007ffae0500000 - 0x00007ffae0524000 	C:\WINDOWS\SYSTEM32\WINMM.dll
0x00007ffad7210000 - 0x00007ffad7219000 	C:\WINDOWS\SYSTEM32\WSOCK32.dll
0x00007ffae5e70000 - 0x00007ffae5edf000 	C:\WINDOWS\System32\WS2_32.dll
0x00007ffae04a0000 - 0x00007ffae04cd000 	C:\WINDOWS\SYSTEM32\winmmbase.dll
0x00007ffae4160000 - 0x00007ffae41aa000 	C:\WINDOWS\System32\cfgmgr32.dll
0x00007ffad51b0000 - 0x00007ffad51bf000 	E:\android\jre\jre\bin\verify.dll
0x00007ffac5660000 - 0x00007ffac5689000 	E:\android\jre\jre\bin\java.dll
0x00007ffac5180000 - 0x00007ffac5196000 	E:\android\jre\jre\bin\zip.dll
0x00007ffae6620000 - 0x00007ffae6d06000 	C:\WINDOWS\System32\SHELL32.dll
0x00007ffae64c0000 - 0x00007ffae6569000 	C:\WINDOWS\System32\shcore.dll
0x00007ffae4660000 - 0x00007ffae4de0000 	C:\WINDOWS\System32\windows.storage.dll
0x00007ffae3df0000 - 0x00007ffae3e13000 	C:\WINDOWS\System32\profapi.dll
0x00007ffae3e20000 - 0x00007ffae3e6a000 	C:\WINDOWS\System32\powrprof.dll
0x00007ffae3de0000 - 0x00007ffae3df0000 	C:\WINDOWS\System32\UMPDC.dll
0x00007ffae6da0000 - 0x00007ffae6df2000 	C:\WINDOWS\System32\shlwapi.dll
0x00007ffae3e70000 - 0x00007ffae3e81000 	C:\WINDOWS\System32\kernel.appcore.dll
0x00007ffae4640000 - 0x00007ffae4657000 	C:\WINDOWS\System32\cryptsp.dll
0x00007ffac5010000 - 0x00007ffac502a000 	E:\android\jre\jre\bin\net.dll
0x00007ffae3650000 - 0x00007ffae36b7000 	C:\WINDOWS\system32\mswsock.dll
0x00007ffac4c30000 - 0x00007ffac4c41000 	E:\android\jre\jre\bin\nio.dll
0x00007ffadd4d0000 - 0x00007ffadd4f7000 	E:\Gradle\.gradle\native\f6784746aeab05261644944871eae4fe03e0ef1612fff0a4a95f87b438bc6780\windows-amd64\native-platform.dll
0x00007ffad4a90000 - 0x00007ffad4a9d000 	E:\android\jre\jre\bin\management.dll
0x00007ffae31c0000 - 0x00007ffae31f3000 	C:\WINDOWS\system32\rsaenh.dll
0x00007ffae41b0000 - 0x00007ffae41d6000 	C:\WINDOWS\System32\bcrypt.dll
0x00007ffae3d00000 - 0x00007ffae3d25000 	C:\WINDOWS\SYSTEM32\USERENV.dll
0x00007ffae3820000 - 0x00007ffae382c000 	C:\WINDOWS\SYSTEM32\CRYPTBASE.dll
0x00007ffae3360000 - 0x00007ffae339a000 	C:\WINDOWS\SYSTEM32\IPHLPAPI.DLL
0x00007ffae53c0000 - 0x00007ffae53c8000 	C:\WINDOWS\System32\NSI.dll
0x00007ffad6860000 - 0x00007ffad6876000 	C:\WINDOWS\SYSTEM32\dhcpcsvc6.DLL
0x00007ffad6840000 - 0x00007ffad685c000 	C:\WINDOWS\SYSTEM32\dhcpcsvc.DLL
0x00007ffae33a0000 - 0x00007ffae346b000 	C:\WINDOWS\SYSTEM32\DNSAPI.dll
0x00007ffad74a0000 - 0x00007ffad74ab000 	C:\WINDOWS\SYSTEM32\WINNSI.DLL
0x00007ffadefd0000 - 0x00007ffadefee000 	C:\Users\ÂÀÔÆÏè\AppData\Local\Temp\native-platform8002983710525395792dir\native-platform.dll

VM Arguments:
jvm_args: -XX:MaxPermSize=512m -XX:+HeapDumpOnOutOfMemoryError -Xmx2048m -Dfile.encoding=UTF-8 -Duser.country=CN -Duser.language=zh -Duser.variant 
java_command: org.gradle.launcher.daemon.bootstrap.GradleDaemon 6.5.1
java_class_path (initial): E:\Gradle\gradle-6.5.1\lib\gradle-launcher-6.5.1.jar
Launcher Type: SUN_STANDARD

Environment Variables:
JAVA_HOME=E:\java8
CLASSPATH=.E:\java8\lib;E:\java8\lib\tools.jar
PATH=C:\WINDOWS\system32;C:\WINDOWS;C:\WINDOWS\System32\Wbem;E:\MySQL\mysql-5.7.20-winx64\bin;E:\java8\bin;%CATALINA_HOME%\bin;%CATALINA_HOME%\lib;E:\java8\bin;E:\java8\jre\bin;E:\Maven\apache-maven-3.6.3\bin;E:\Gradle\gradle-6.5.1\bin;E:\python3.6\Scripts\;E:\python3.6\;";E:\java8\bin;E:\java8\jre\bin";E:\androidsdk\tools;E:\androidsdk\platform-tools;C:\Users\ÂÀÔÆÏè\AppData\Local\Microsoft\WindowsApps;E:\pycharm\PyCharm 2019.2.2\bin;E:\vsCode\Microsoft VS Code\bin;E:\IntelliJ IDEA\IntelliJ IDEA Community Edition 2019.3.4\bin;C:\Users\ÂÀÔÆÏè\AppData\Local\Pandoc\;C:\Users\ÂÀÔÆÏè\AppData\Local\GitHubDesktop\bin
USERNAME=ÂÀÔÆÏé
OS=Windows_NT
PROCESSOR_IDENTIFIER=Intel64 Family 6 Model 142 Stepping 10, GenuineIntel



---------------  S Y S T E M  ---------------

OS: Windows 10.0 , 64 bit Build 18362 (10.0.18362.900)

CPU:total 8 (initial active 8) (4 cores per cpu, 2 threads per core) family 6 model 142 stepping 10, cmov, cx8, fxsr, mmx, sse, sse2, sse3, ssse3, sse4.1, sse4.2, popcnt, avx, avx2, aes, clmul, erms, 3dnowpref, lzcnt, ht, tsc, tscinvbit, bmi1, bmi2, adx

Memory: 4k page, physical 8251788k(1071940k free), swap 12176840k(60k free)

vm_info: OpenJDK 64-Bit Server VM (25.152-b01) for windows-amd64 JRE (1.8.0_152-release-1343-b01), built by "builder" with MS VC++ 10.0 (VS2010)

time: Sat Jul 11 19:01:13 2020
elapsed time: 44 seconds (0d 0h 0m 44s)

